# JRE version: OpenJDK Runtime Environment (8.0_202-b03) (build 1.8.0_202-release-1483-b03)
# Java VM: OpenJDK 64-Bit Server VM (25.202-b03 mixed mode windows-amd64 compressed oops)
Heap:
 PSYoungGen      total 140800K, used 30771K [0x00000000f5580000, 0x00000000ff580000, 0x0000000100000000)
  eden space 124416K, 24% used [0x00000000f5580000,0x00000000f738ced0,0x00000000fcf00000)
  from space 16384K, 0% used [0x00000000fcf00000,0x00000000fcf00000,0x00000000fdf00000)
  to   space 13312K, 0% used [0x00000000fdf00000,0x00000000fdf00000,0x00000000fec00000)
 ParOldGen       total 191488K, used 32398K [0x00000000e0000000, 0x00000000ebb00000, 0x00000000f5580000)
  object space 191488K, 16% used [0x00000000e0000000,0x00000000e1fa3968,0x00000000ebb00000)
 Metaspace       used 59084K, capacity 60706K, committed 61016K, reserved 1101824K
  class space    used 8072K, capacity 8519K, committed 8576K, reserved 1048576K
GC Heap History (10 events):
Event: 7.682 GC heap before
{Heap before GC invocations=8 (full 2):
 PSYoungGen      total 105472K, used 9626K [0x00000000f5580000, 0x00000000fc900000, 0x0000000100000000)
  eden space 93184K, 0% used [0x00000000f5580000,0x00000000f5580000,0x00000000fb080000)
  from space 12288K, 78% used [0x00000000fbc80000,0x00000000fc5e68c8,0x00000000fc880000)
  to   space 12288K, 0% used [0x00000000fb080000,0x00000000fb080000,0x00000000fbc80000)
 ParOldGen       total 175104K, used 11046K [0x00000000e0000000, 0x00000000eab00000, 0x00000000f5580000)
  object space 175104K, 6% used [0x00000000e0000000,0x00000000e0ac9918,0x00000000eab00000)
 Metaspace       used 34685K, capacity 35238K, committed 35416K, reserved 1079296K
  class space    used 4745K, capacity 4933K, committed 4992K, reserved 1048576K
Event: 7.768 GC heap after
Heap after GC invocations=8 (full 2):
 PSYoungGen      total 105472K, used 0K [0x00000000f5580000, 0x00000000fc900000, 0x0000000100000000)
  eden space 93184K, 0% used [0x00000000f5580000,0x00000000f5580000,0x00000000fb080000)
  from space 12288K, 0% used [0x00000000fbc80000,0x00000000fbc80000,0x00000000fc880000)
  to   space 12288K, 0% used [0x00000000fb080000,0x00000000fb080000,0x00000000fbc80000)
 ParOldGen       total 191488K, used 16898K [0x00000000e0000000, 0x00000000ebb00000, 0x00000000f5580000)
  object space 191488K, 8% used [0x00000000e0000000,0x00000000e1080b28,0x00000000ebb00000)
 Metaspace       used 34680K, capacity 35220K, committed 35416K, reserved 1079296K
  class space    used 4743K, capacity 4930K, committed 4992K, reserved 1048576K
}
Event: 9.463 GC heap before
{Heap before GC invocations=9 (full 2):
 PSYoungGen      total 105472K, used 93184K [0x00000000f5580000, 0x00000000fc900000, 0x0000000100000000)
  eden space 93184K, 100% used [0x00000000f5580000,0x00000000fb080000,0x00000000fb080000)
  from space 12288K, 0% used [0x00000000fbc80000,0x00000000fbc80000,0x00000000fc880000)
  to   space 12288K, 0% used [0x00000000fb080000,0x00000000fb080000,0x00000000fbc80000)
 ParOldGen       total 191488K, used 16898K [0x00000000e0000000, 0x00000000ebb00000, 0x00000000f5580000)
  object space 191488K, 8% used [0x00000000e0000000,0x00000000e1080b28,0x00000000ebb00000)
 Metaspace       used 44405K, capacity 45154K, committed 45656K, reserved 1089536K
  class space    used 5939K, capacity 6172K, committed 6272K, reserved 1048576K
Event: 9.489 GC heap after
Heap after GC invocations=9 (full 2):
 PSYoungGen      total 105472K, used 12271K [0x00000000f5580000, 0x00000000fec00000, 0x0000000100000000)
  eden space 93184K, 0% used [0x00000000f5580000,0x00000000f5580000,0x00000000fb080000)
  from space 12288K, 99% used [0x00000000fb080000,0x00000000fbc7bf28,0x00000000fbc80000)
  to   space 13312K, 0% used [0x00000000fdf00000,0x00000000fdf00000,0x00000000fec00000)
 ParOldGen       total 191488K, used 17129K [0x00000000e0000000, 0x00000000ebb00000, 0x00000000f5580000)
  object space 191488K, 8% used [0x00000000e0000000,0x00000000e10ba7d8,0x00000000ebb00000)
 Metaspace       used 44405K, capacity 45154K, committed 45656K, reserved 1089536K
  class space    used 5939K, capacity 6172K, committed 6272K, reserved 1048576K
}
Event: 10.879 GC heap before
{Heap before GC invocations=10 (full 2):
 PSYoungGen      total 105472K, used 105455K [0x00000000f5580000, 0x00000000fec00000, 0x0000000100000000)
  eden space 93184K, 100% used [0x00000000f5580000,0x00000000fb080000,0x00000000fb080000)
  from space 12288K, 99% used [0x00000000fb080000,0x00000000fbc7bf28,0x00000000fbc80000)
  to   space 13312K, 0% used [0x00000000fdf00000,0x00000000fdf00000,0x00000000fec00000)
 ParOldGen       total 191488K, used 17129K [0x00000000e0000000, 0x00000000ebb00000, 0x00000000f5580000)
  object space 191488K, 8% used [0x00000000e0000000,0x00000000e10ba7d8,0x00000000ebb00000)
 Metaspace       used 51844K, capacity 53014K, committed 53208K, reserved 1095680K
  class space    used 7023K, capacity 7348K, committed 7424K, reserved 1048576K
Event: 10.909 GC heap after
Heap after GC invocations=10 (full 2):
 PSYoungGen      total 137728K, used 13305K [0x00000000f5580000, 0x00000000ff580000, 0x0000000100000000)
  eden space 124416K, 0% used [0x00000000f5580000,0x00000000f5580000,0x00000000fcf00000)
  from space 13312K, 99% used [0x00000000fdf00000,0x00000000febfe468,0x00000000fec00000)
  to   space 16384K, 0% used [0x00000000fcf00000,0x00000000fcf00000,0x00000000fdf00000)
 ParOldGen       total 191488K, used 21007K [0x00000000e0000000, 0x00000000ebb00000, 0x00000000f5580000)
  object space 191488K, 10% used [0x00000000e0000000,0x00000000e1483f08,0x00000000ebb00000)
 Metaspace       used 51844K, capacity 53014K, committed 53208K, reserved 1095680K
  class space    used 7023K, capacity 7348K, committed 7424K, reserved 1048576K
}
Event: 12.974 GC heap before
{Heap before GC invocations=11 (full 2):
 PSYoungGen      total 137728K, used 87824K [0x00000000f5580000, 0x00000000ff580000, 0x0000000100000000)
  eden space 124416K, 59% used [0x00000000f5580000,0x00000000f9e45e58,0x00000000fcf00000)
  from space 13312K, 99% used [0x00000000fdf00000,0x00000000febfe468,0x00000000fec00000)
  to   space 16384K, 0% used [0x00000000fcf00000,0x00000000fcf00000,0x00000000fdf00000)
 ParOldGen       total 191488K, used 21007K [0x00000000e0000000, 0x00000000ebb00000, 0x00000000f5580000)
  object space 191488K, 10% used [0x00000000e0000000,0x00000000e1483f08,0x00000000ebb00000)
 Metaspace       used 57358K, capacity 58776K, committed 58968K, reserved 1099776K
  class space    used 7804K, capacity 8202K, committed 8320K, reserved 1048576K
Event: 13.013 GC heap after
Heap after GC invocations=11 (full 2):
 PSYoungGen      total 140800K, used 16356K [0x00000000f5580000, 0x00000000ff580000, 0x0000000100000000)
  eden space 124416K, 0% used [0x00000000f5580000,0x00000000f5580000,0x00000000fcf00000)
  from space 16384K, 99% used [0x00000000fcf00000,0x00000000fdef90a0,0x00000000fdf00000)
  to   space 13312K, 0% used [0x00000000fdf00000,0x00000000fdf00000,0x00000000fec00000)
 ParOldGen       total 191488K, used 23703K [0x00000000e0000000, 0x00000000ebb00000, 0x00000000f5580000)
  object space 191488K, 12% used [0x00000000e0000000,0x00000000e1725dd0,0x00000000ebb00000)
 Metaspace       used 57358K, capacity 58776K, committed 58968K, reserved 1099776K
  class space    used 7804K, capacity 8202K, committed 8320K, reserved 1048576K
}
Event: 13.013 GC heap before
{Heap before GC invocations=12 (full 3):
 PSYoungGen      total 140800K, used 16356K [0x00000000f5580000, 0x00000000ff580000, 0x0000000100000000)
  eden space 124416K, 0% used [0x00000000f5580000,0x00000000f5580000,0x00000000fcf00000)
  from space 16384K, 99% used [0x00000000fcf00000,0x00000000fdef90a0,0x00000000fdf00000)
  to   space 13312K, 0% used [0x00000000fdf00000,0x00000000fdf00000,0x00000000fec00000)
 ParOldGen       total 191488K, used 23703K [0x00000000e0000000, 0x00000000ebb00000, 0x00000000f5580000)
  object space 191488K, 12% used [0x00000000e0000000,0x00000000e1725dd0,0x00000000ebb00000)
 Metaspace       used 57358K, capacity 58776K, committed 58968K, reserved 1099776K
  class space    used 7804K, capacity 8202K, committed 8320K, reserved 1048576K
Event: 13.247 GC heap after
Heap after GC invocations=12 (full 3):
 PSYoungGen      total 140800K, used 0K [0x00000000f5580000, 0x00000000ff580000, 0x0000000100000000)
  eden space 124416K, 0% used [0x00000000f5580000,0x00000000f5580000,0x00000000fcf00000)
  from space 16384K, 0% used [0x00000000fcf00000,0x00000000fcf00000,0x00000000fdf00000)
  to   space 13312K, 0% used [0x00000000fdf00000,0x00000000fdf00000,0x00000000fec00000)
 ParOldGen       total 191488K, used 32398K [0x00000000e0000000, 0x00000000ebb00000, 0x00000000f5580000)
  object space 191488K, 16% used [0x00000000e0000000,0x00000000e1fa3968,0x00000000ebb00000)
 Metaspace       used 57358K, capacity 58776K, committed 58968K, reserved 1099776K
  class space    used 7804K, capacity 8202K, committed 8320K, reserved 1048576K
}

